2023-06-09 12:27:30,241 [Worker-5: Loading available Gradle versions] INFO  o.e.b.c.i.u.g.PublishedGradleVersions - Gradle version information cache is out-of-date. Trying to update.
2023-06-09 12:28:54,193 [Worker-4: Importing Maven projects] INFO  o.e.m.c.i.l.LifecycleMappingFactory - Using org.eclipse.m2e.jdt.JarLifecycleMapping lifecycle mapping for MavenProject: com.example.smartContactManager:smartContactManagerProject:0.0.1-SNAPSHOT @ /Users/mayankaggarwal/Desktop/Mayank Projects/Springboot_Projects/smartContactManagerProject/smartContactManagerProject/pom.xml.
2023-06-09 12:28:55,009 [Worker-4: Importing Maven projects] INFO  o.e.m.c.i.l.LifecycleMappingFactory - Using org.eclipse.m2e.jdt.JarLifecycleMapping lifecycle mapping for MavenProject: com.example.blog-app:Blog-App-Apis:0.0.1-SNAPSHOT @ /Users/mayankaggarwal/Desktop/Mayank Projects/Springboot_Projects/Blog-App/Blog-App-Apis/pom.xml.
2023-06-09 12:28:55,373 [Worker-4: Importing Maven projects] INFO  o.e.m.c.i.l.LifecycleMappingFactory - Using org.eclipse.m2e.jdt.JarLifecycleMapping lifecycle mapping for MavenProject: com.example:Travel_Management_System:0.0.1-SNAPSHOT @ /Users/mayankaggarwal/Desktop/Mayank Projects/Springboot_Projects/Travel_Management_System/pom.xml.
2023-06-09 12:28:55,874 [Worker-4: Importing Maven projects] INFO  o.e.m.c.i.l.LifecycleMappingFactory - Using org.eclipse.m2e.jdt.JarLifecycleMapping lifecycle mapping for MavenProject: com.example.cafe_management_system:demo:0.0.1-SNAPSHOT @ /Users/mayankaggarwal/Desktop/Mayank Projects/Springboot_Projects/cafe_management_system/pom.xml.
2023-06-09 12:28:59,485 [Worker-4: Importing Maven projects] INFO  o.e.m.j.i.AbstractJavaProjectConfigurator - Adding source folder /Blog-App-Apis/src/main/java
2023-06-09 12:28:59,486 [Worker-4: Importing Maven projects] INFO  o.e.m.j.i.AbstractJavaProjectConfigurator - Adding resource folder /Blog-App-Apis/src/main/resources
2023-06-09 12:28:59,487 [Worker-4: Importing Maven projects] INFO  o.e.m.j.i.AbstractJavaProjectConfigurator - Adding resource folder /Blog-App-Apis/src/main/resources
2023-06-09 12:28:59,488 [Worker-4: Importing Maven projects] INFO  o.e.m.j.i.AbstractJavaProjectConfigurator - Adding source folder /Blog-App-Apis/src/test/java
2023-06-09 12:29:00,344 [Worker-4: Importing Maven projects] INFO  o.e.m.j.i.AbstractJavaProjectConfigurator - Adding source folder /Travel_Management_System/src/main/java
2023-06-09 12:29:00,344 [Worker-4: Importing Maven projects] INFO  o.e.m.j.i.AbstractJavaProjectConfigurator - Adding resource folder /Travel_Management_System/src/main/resources
2023-06-09 12:29:00,345 [Worker-4: Importing Maven projects] INFO  o.e.m.j.i.AbstractJavaProjectConfigurator - Adding resource folder /Travel_Management_System/src/main/resources
2023-06-09 12:29:00,346 [Worker-4: Importing Maven projects] INFO  o.e.m.j.i.AbstractJavaProjectConfigurator - Adding source folder /Travel_Management_System/src/test/java
2023-06-09 12:29:01,122 [Worker-4: Importing Maven projects] INFO  o.e.m.j.i.AbstractJavaProjectConfigurator - Adding source folder /demo/src/main/java
2023-06-09 12:29:01,122 [Worker-4: Importing Maven projects] INFO  o.e.m.j.i.AbstractJavaProjectConfigurator - Adding resource folder /demo/src/main/resources
2023-06-09 12:29:01,123 [Worker-4: Importing Maven projects] INFO  o.e.m.j.i.AbstractJavaProjectConfigurator - Adding resource folder /demo/src/main/resources
2023-06-09 12:29:01,124 [Worker-4: Importing Maven projects] INFO  o.e.m.j.i.AbstractJavaProjectConfigurator - Adding source folder /demo/src/test/java
2023-06-09 12:29:01,567 [Worker-4: Importing Maven projects] INFO  o.e.m.j.i.AbstractJavaProjectConfigurator - Adding source folder /smartContactManagerProject/src/main/java
2023-06-09 12:29:01,568 [Worker-4: Importing Maven projects] INFO  o.e.m.j.i.AbstractJavaProjectConfigurator - Adding resource folder /smartContactManagerProject/src/main/resources
2023-06-09 12:29:01,572 [Worker-4: Importing Maven projects] INFO  o.e.m.j.i.AbstractJavaProjectConfigurator - Adding resource folder /smartContactManagerProject/src/main/resources
2023-06-09 12:29:01,583 [Worker-4: Importing Maven projects] INFO  o.e.m.j.i.AbstractJavaProjectConfigurator - Adding source folder /smartContactManagerProject/src/test/java
2023-06-09 12:29:02,009 [Worker-4: Importing Maven projects] INFO  o.e.m.c.i.p.ProjectConfigurationManager - Imported and configured 4 project(s) in 15 sec
2023-06-09 12:29:06,245 [Worker-4: Building] INFO  o.a.m.s.f.DefaultMavenResourcesFiltering - Copying 1 resource from src/main/resources to target/classes
2023-06-09 12:29:06,299 [Worker-4: Building] INFO  o.a.m.s.f.DefaultMavenResourcesFiltering - Copying 0 resource from src/main/resources to target/classes
2023-06-09 12:29:06,306 [Worker-4: Building] INFO  o.a.m.s.f.DefaultMavenResourcesFiltering - skip non existing resourceDirectory /Users/mayankaggarwal/Desktop/Mayank Projects/Springboot_Projects/Blog-App/Blog-App-Apis/src/test/resources
2023-06-09 12:29:07,856 [Worker-4: Building] INFO  o.a.m.s.f.DefaultMavenResourcesFiltering - Copying 1 resource from src/main/resources to target/classes
2023-06-09 12:29:08,018 [Worker-4: Building] INFO  o.a.m.s.f.DefaultMavenResourcesFiltering - Copying 0 resource from src/main/resources to target/classes
2023-06-09 12:29:08,031 [Worker-4: Building] INFO  o.a.m.s.f.DefaultMavenResourcesFiltering - skip non existing resourceDirectory /Users/mayankaggarwal/Desktop/Mayank Projects/Springboot_Projects/Travel_Management_System/src/test/resources
2023-06-09 12:29:09,517 [Worker-4: Building] INFO  o.a.m.s.f.DefaultMavenResourcesFiltering - Copying 1 resource from src/main/resources to target/classes
2023-06-09 12:29:09,571 [Worker-4: Building] INFO  o.a.m.s.f.DefaultMavenResourcesFiltering - Copying 0 resource from src/main/resources to target/classes
2023-06-09 12:29:09,578 [Worker-4: Building] INFO  o.a.m.s.f.DefaultMavenResourcesFiltering - skip non existing resourceDirectory /Users/mayankaggarwal/Desktop/Mayank Projects/Springboot_Projects/cafe_management_system/src/test/resources
2023-06-09 12:29:11,048 [Worker-4: Building] INFO  o.a.m.s.f.DefaultMavenResourcesFiltering - Copying 1 resource from src/main/resources to target/classes
2023-06-09 12:29:11,102 [Worker-4: Building] INFO  o.a.m.s.f.DefaultMavenResourcesFiltering - Copying 2 resources from src/main/resources to target/classes
2023-06-09 12:29:11,216 [Worker-4: Building] INFO  o.a.m.s.f.DefaultMavenResourcesFiltering - skip non existing resourceDirectory /Users/mayankaggarwal/Desktop/Mayank Projects/Springboot_Projects/smartContactManagerProject/smartContactManagerProject/src/test/resources
2023-06-09 12:37:07,632 [ModalContext] ERROR o.e.m.c.i.p.r.ProjectRegistryReader - Can't write workspace state
java.io.FileNotFoundException: /Users/mayankaggarwal/Desktop/Mayank Projects/Springboot_Projects/demo/.metadata/.plugins/org.eclipse.m2e.core/workspaceState.ser (No such file or directory)
	at java.base/java.io.FileOutputStream.open0(Native Method)
	at java.base/java.io.FileOutputStream.open(FileOutputStream.java:293)
	at java.base/java.io.FileOutputStream.<init>(FileOutputStream.java:235)
	at java.base/java.io.FileOutputStream.<init>(FileOutputStream.java:184)
	at org.eclipse.m2e.core.internal.project.registry.ProjectRegistryReader.createObjectOutputStream(ProjectRegistryReader.java:128)
	at org.eclipse.m2e.core.internal.project.registry.ProjectRegistryReader.writeWorkspaceState(ProjectRegistryReader.java:117)
	at org.eclipse.m2e.core.internal.project.registry.ProjectRegistryManager.writeWorkspaceState(ProjectRegistryManager.java:1009)
	at org.eclipse.m2e.core.internal.project.registry.ProjectRegistryManager.saving(ProjectRegistryManager.java:1160)
	at org.eclipse.core.internal.resources.SaveManager.executeLifecycle(SaveManager.java:393)
	at org.eclipse.core.internal.resources.SaveManager$1.run(SaveManager.java:209)
	at org.eclipse.core.runtime.SafeRunner.run(SafeRunner.java:45)
	at org.eclipse.core.internal.resources.SaveManager.broadcastLifecycle(SaveManager.java:212)
	at org.eclipse.core.internal.resources.SaveManager.save(SaveManager.java:1170)
	at org.eclipse.core.internal.resources.Workspace.save(Workspace.java:2421)
	at org.eclipse.ui.internal.ide.application.IDEWorkbenchAdvisor.lambda$1(IDEWorkbenchAdvisor.java:554)
	at org.eclipse.jface.operation.ModalContext$ModalContextThread.run(ModalContext.java:122)
